<?xml version="1.0" encoding="UTF-8"?>
<testsuite name="mx.com.kubo.techTalk.repository.AssessorRepositorySpec" tests="1" skipped="0" failures="0" errors="0" timestamp="2019-09-18T21:14:30" hostname="pinks" time="4.213">
  <properties/>
  <testcase name="Should find an user " classname="mx.com.kubo.techTalk.repository.AssessorRepositorySpec" time="4.213"/>
  <system-out><![CDATA[16:14:30.197 [Test worker] DEBUG org.springframework.test.annotation.ProfileValueUtils - Retrieved @ProfileValueSourceConfiguration [null] for test class [mx.com.kubo.techTalk.repository.AssessorRepositorySpec]
16:14:30.203 [Test worker] DEBUG org.springframework.test.annotation.ProfileValueUtils - Retrieved ProfileValueSource type [class org.springframework.test.annotation.SystemProfileValueSource] for class [mx.com.kubo.techTalk.repository.AssessorRepositorySpec]
16:14:30.204 [Test worker] DEBUG org.springframework.test.annotation.ProfileValueUtils - Retrieved @ProfileValueSourceConfiguration [null] for test class [mx.com.kubo.techTalk.repository.AssessorRepositorySpec]
16:14:30.204 [Test worker] DEBUG org.springframework.test.annotation.ProfileValueUtils - Retrieved ProfileValueSource type [class org.springframework.test.annotation.SystemProfileValueSource] for class [mx.com.kubo.techTalk.repository.AssessorRepositorySpec]
16:14:30.225 [Test worker] DEBUG org.springframework.test.context.BootstrapUtils - Instantiating CacheAwareContextLoaderDelegate from class [org.springframework.test.context.cache.DefaultCacheAwareContextLoaderDelegate]
16:14:30.234 [Test worker] DEBUG org.springframework.test.context.BootstrapUtils - Instantiating BootstrapContext using constructor [public org.springframework.test.context.support.DefaultBootstrapContext(java.lang.Class,org.springframework.test.context.CacheAwareContextLoaderDelegate)]
16:14:30.238 [Test worker] DEBUG org.springframework.test.context.BootstrapUtils - Instantiating TestContextBootstrapper for test class [mx.com.kubo.techTalk.repository.AssessorRepositorySpec] from class [org.springframework.boot.test.autoconfigure.orm.jpa.DataJpaTestContextBootstrapper]
16:14:30.251 [Test worker] INFO org.springframework.boot.test.autoconfigure.orm.jpa.DataJpaTestContextBootstrapper - Neither @ContextConfiguration nor @ContextHierarchy found for test class [mx.com.kubo.techTalk.repository.AssessorRepositorySpec], using SpringBootContextLoader
16:14:30.258 [Test worker] DEBUG org.springframework.test.context.support.AbstractContextLoader - Did not detect default resource location for test class [mx.com.kubo.techTalk.repository.AssessorRepositorySpec]: class path resource [mx/com/kubo/techTalk/repository/AssessorRepositorySpec-context.xml] does not exist
16:14:30.259 [Test worker] DEBUG org.springframework.test.context.support.AbstractContextLoader - Did not detect default resource location for test class [mx.com.kubo.techTalk.repository.AssessorRepositorySpec]: class path resource [mx/com/kubo/techTalk/repository/AssessorRepositorySpecContext.groovy] does not exist
16:14:30.259 [Test worker] INFO org.springframework.test.context.support.AbstractContextLoader - Could not detect default resource locations for test class [mx.com.kubo.techTalk.repository.AssessorRepositorySpec]: no resource found for suffixes {-context.xml, Context.groovy}.
16:14:30.260 [Test worker] INFO org.springframework.test.context.support.AnnotationConfigContextLoaderUtils - Could not detect default configuration classes for test class [mx.com.kubo.techTalk.repository.AssessorRepositorySpec]: AssessorRepositorySpec does not declare any static, non-private, non-final, nested classes annotated with @Configuration.
16:14:30.350 [Test worker] DEBUG org.springframework.test.context.support.ActiveProfilesUtils - Could not find an 'annotation declaring class' for annotation type [org.springframework.test.context.ActiveProfiles] and class [mx.com.kubo.techTalk.repository.AssessorRepositorySpec]
16:14:30.441 [Test worker] DEBUG org.springframework.context.annotation.ClassPathScanningCandidateComponentProvider - Identified candidate component class: file [/home/pinks/Proyectos/mios/testingTechTalk/build/classes/java/main/mx/com/kubo/techTalk/BasicApplication.class]
16:14:30.442 [Test worker] INFO org.springframework.boot.test.context.SpringBootTestContextBootstrapper - Found @SpringBootConfiguration mx.com.kubo.techTalk.BasicApplication for test class mx.com.kubo.techTalk.repository.AssessorRepositorySpec
16:14:30.444 [Test worker] DEBUG org.springframework.boot.test.autoconfigure.orm.jpa.DataJpaTestContextBootstrapper - @TestExecutionListeners is not present for class [mx.com.kubo.techTalk.repository.AssessorRepositorySpec]: using defaults.
16:14:30.445 [Test worker] INFO org.springframework.boot.test.autoconfigure.orm.jpa.DataJpaTestContextBootstrapper - Loaded default TestExecutionListener class names from location [META-INF/spring.factories]: [org.springframework.boot.test.autoconfigure.restdocs.RestDocsTestExecutionListener, org.springframework.boot.test.autoconfigure.web.client.MockRestServiceServerResetTestExecutionListener, org.springframework.boot.test.autoconfigure.web.servlet.MockMvcPrintOnlyOnFailureTestExecutionListener, org.springframework.boot.test.autoconfigure.web.servlet.WebDriverTestExecutionListener, org.springframework.boot.test.mock.mockito.MockitoTestExecutionListener, org.springframework.boot.test.mock.mockito.ResetMocksTestExecutionListener, org.springframework.test.context.web.ServletTestExecutionListener, org.springframework.test.context.support.DirtiesContextBeforeModesTestExecutionListener, org.springframework.test.context.support.DependencyInjectionTestExecutionListener, org.springframework.test.context.support.DirtiesContextTestExecutionListener, org.springframework.test.context.transaction.TransactionalTestExecutionListener, org.springframework.test.context.jdbc.SqlScriptsTestExecutionListener]
16:14:30.468 [Test worker] INFO org.springframework.boot.test.autoconfigure.orm.jpa.DataJpaTestContextBootstrapper - Using TestExecutionListeners: [org.springframework.test.context.web.ServletTestExecutionListener@366e49, org.springframework.test.context.support.DirtiesContextBeforeModesTestExecutionListener@420339d7, org.springframework.boot.test.mock.mockito.MockitoTestExecutionListener@554ec8ec, org.springframework.boot.test.autoconfigure.SpringBootDependencyInjectionTestExecutionListener@3c0e37ff, org.springframework.test.context.support.DirtiesContextTestExecutionListener@f795211, org.springframework.test.context.transaction.TransactionalTestExecutionListener@54ef1fa8, org.springframework.test.context.jdbc.SqlScriptsTestExecutionListener@7745b471, org.springframework.boot.test.autoconfigure.restdocs.RestDocsTestExecutionListener@3ab9d4a9, org.springframework.boot.test.autoconfigure.web.client.MockRestServiceServerResetTestExecutionListener@7f95f035, org.springframework.boot.test.autoconfigure.web.servlet.MockMvcPrintOnlyOnFailureTestExecutionListener@53abb230, org.springframework.boot.test.autoconfigure.web.servlet.WebDriverTestExecutionListener@9976208, org.springframework.boot.test.mock.mockito.ResetMocksTestExecutionListener@7dfff30f]
16:14:30.748 [Test worker] DEBUG org.springframework.test.context.support.AbstractDirtiesContextTestExecutionListener - Before test class: context [DefaultTestContext@482b62a7 testClass = AssessorRepositorySpec, testInstance = [null], testMethod = [null], testException = [null], mergedContextConfiguration = [MergedContextConfiguration@49bd1289 testClass = AssessorRepositorySpec, locations = '{}', classes = '{class mx.com.kubo.techTalk.BasicApplication}', contextInitializerClasses = '[]', activeProfiles = '{}', propertySourceLocations = '{}', propertySourceProperties = '{org.springframework.boot.test.autoconfigure.orm.jpa.DataJpaTestContextBootstrapper=true}', contextCustomizers = set[org.springframework.boot.test.autoconfigure.OverrideAutoConfigurationContextCustomizerFactory$DisableAutoConfigurationContextCustomizer@31b267d, org.springframework.boot.test.autoconfigure.filter.TypeExcludeFiltersContextCustomizer@351584c0, org.springframework.boot.test.autoconfigure.properties.PropertyMappingContextCustomizer@257e07b1, org.springframework.boot.test.autoconfigure.web.servlet.WebDriverContextCustomizerFactory$Customizer@24c26895, [ImportsContextCustomizer@268decd key = [org.springframework.boot.autoconfigure.cache.CacheAutoConfiguration, org.springframework.boot.autoconfigure.data.jpa.JpaRepositoriesAutoConfiguration, org.springframework.boot.autoconfigure.flyway.FlywayAutoConfiguration, org.springframework.boot.autoconfigure.jdbc.DataSourceAutoConfiguration, org.springframework.boot.autoconfigure.jdbc.DataSourceTransactionManagerAutoConfiguration, org.springframework.boot.autoconfigure.jdbc.JdbcTemplateAutoConfiguration, org.springframework.boot.autoconfigure.liquibase.LiquibaseAutoConfiguration, org.springframework.boot.autoconfigure.orm.jpa.HibernateJpaAutoConfiguration, org.springframework.boot.autoconfigure.transaction.TransactionAutoConfiguration, org.springframework.boot.test.autoconfigure.jdbc.TestDatabaseAutoConfiguration, org.springframework.boot.test.autoconfigure.orm.jpa.TestEntityManagerAutoConfiguration]], org.springframework.boot.test.context.filter.ExcludeFilterContextCustomizer@5ffa9450, org.springframework.boot.test.json.DuplicateJsonObjectContextCustomizerFactory$DuplicateJsonObjectContextCustomizer@14a27f1e, org.springframework.boot.test.mock.mockito.MockitoContextCustomizer@0], contextLoader = 'org.springframework.boot.test.context.SpringBootContextLoader', parent = [null]], attributes = map[[empty]]], class annotated with @DirtiesContext [false] with mode [null].
16:14:30.762 [Test worker] DEBUG org.springframework.test.context.support.DependencyInjectionTestExecutionListener - Performing dependency injection for test context [[DefaultTestContext@482b62a7 testClass = AssessorRepositorySpec, testInstance = mx.com.kubo.techTalk.repository.AssessorRepositorySpec@31844b49, testMethod = [null], testException = [null], mergedContextConfiguration = [MergedContextConfiguration@49bd1289 testClass = AssessorRepositorySpec, locations = '{}', classes = '{class mx.com.kubo.techTalk.BasicApplication}', contextInitializerClasses = '[]', activeProfiles = '{}', propertySourceLocations = '{}', propertySourceProperties = '{org.springframework.boot.test.autoconfigure.orm.jpa.DataJpaTestContextBootstrapper=true}', contextCustomizers = set[org.springframework.boot.test.autoconfigure.OverrideAutoConfigurationContextCustomizerFactory$DisableAutoConfigurationContextCustomizer@31b267d, org.springframework.boot.test.autoconfigure.filter.TypeExcludeFiltersContextCustomizer@351584c0, org.springframework.boot.test.autoconfigure.properties.PropertyMappingContextCustomizer@257e07b1, org.springframework.boot.test.autoconfigure.web.servlet.WebDriverContextCustomizerFactory$Customizer@24c26895, [ImportsContextCustomizer@268decd key = [org.springframework.boot.autoconfigure.cache.CacheAutoConfiguration, org.springframework.boot.autoconfigure.data.jpa.JpaRepositoriesAutoConfiguration, org.springframework.boot.autoconfigure.flyway.FlywayAutoConfiguration, org.springframework.boot.autoconfigure.jdbc.DataSourceAutoConfiguration, org.springframework.boot.autoconfigure.jdbc.DataSourceTransactionManagerAutoConfiguration, org.springframework.boot.autoconfigure.jdbc.JdbcTemplateAutoConfiguration, org.springframework.boot.autoconfigure.liquibase.LiquibaseAutoConfiguration, org.springframework.boot.autoconfigure.orm.jpa.HibernateJpaAutoConfiguration, org.springframework.boot.autoconfigure.transaction.TransactionAutoConfiguration, org.springframework.boot.test.autoconfigure.jdbc.TestDatabaseAutoConfiguration, org.springframework.boot.test.autoconfigure.orm.jpa.TestEntityManagerAutoConfiguration]], org.springframework.boot.test.context.filter.ExcludeFilterContextCustomizer@5ffa9450, org.springframework.boot.test.json.DuplicateJsonObjectContextCustomizerFactory$DuplicateJsonObjectContextCustomizer@14a27f1e, org.springframework.boot.test.mock.mockito.MockitoContextCustomizer@0], contextLoader = 'org.springframework.boot.test.context.SpringBootContextLoader', parent = [null]], attributes = map[[empty]]]].
16:14:30.911 [Test worker] DEBUG org.springframework.test.context.support.TestPropertySourceUtils - Adding inlined properties to environment: {spring.jmx.enabled=false, org.springframework.boot.test.autoconfigure.orm.jpa.DataJpaTestContextBootstrapper=true, server.port=-1}

  .   ____          _            __ _ _
 /\\ / ___'_ __ _ _(_)_ __  __ _ \ \ \ \
( ( )\___ | '_ | '_| | '_ \/ _` | \ \ \ \
 \\/  ___)| |_)| | | | | || (_| |  ) ) ) )
  '  |____| .__|_| |_|_| |_\__, | / / / /
 =========|_|==============|___/=/_/_/_/
 :: Spring Boot ::        (v2.1.3.RELEASE)

testingTechTalk 2019-09-18 16:14:31,348 INFO  mx.com.kubo.techTalk.repository.AssessorRepositorySpec : Starting AssessorRepositorySpec on pinks with PID 32370 (/home/pinks/Proyectos/mios/testingTechTalk/build/classes/groovy/test started by pinks in /home/pinks/Proyectos/mios/testingTechTalk)
testingTechTalk 2019-09-18 16:14:31,354 INFO  mx.com.kubo.techTalk.repository.AssessorRepositorySpec : No active profile set, falling back to default profiles: default
testingTechTalk 2019-09-18 16:14:31,831 INFO  org.springframework.data.repository.config.RepositoryConfigurationDelegate : Bootstrapping Spring Data repositories in DEFAULT mode.
testingTechTalk 2019-09-18 16:14:31,935 INFO  org.springframework.data.repository.config.RepositoryConfigurationDelegate : Finished Spring Data repository scanning in 89ms. Found 1 repository interfaces.
testingTechTalk 2019-09-18 16:14:32,063 INFO  org.springframework.boot.test.autoconfigure.jdbc.TestDatabaseAutoConfiguration$EmbeddedDataSourceBeanFactoryPostProcessor : Replacing 'dataSource' DataSource bean with embedded version
testingTechTalk 2019-09-18 16:14:32,275 INFO  org.springframework.jdbc.datasource.embedded.EmbeddedDatabaseFactory : Starting embedded database: url='jdbc:h2:mem:a39dd50d-4c17-4d49-b8ba-602d0b19e14f;DB_CLOSE_DELAY=-1;DB_CLOSE_ON_EXIT=false', username='sa'
testingTechTalk 2019-09-18 16:14:32,758 INFO  org.hibernate.jpa.internal.util.LogHelper : HHH000204: Processing PersistenceUnitInfo [
	name: default
	...]
testingTechTalk 2019-09-18 16:14:32,844 INFO  org.hibernate.Version : HHH000412: Hibernate Core {5.3.7.Final}
testingTechTalk 2019-09-18 16:14:32,846 INFO  org.hibernate.cfg.Environment : HHH000206: hibernate.properties not found
testingTechTalk 2019-09-18 16:14:32,992 INFO  org.hibernate.annotations.common.Version : HCANN000001: Hibernate Commons Annotations {5.0.4.Final}
testingTechTalk 2019-09-18 16:14:33,174 INFO  org.hibernate.dialect.Dialect : HHH000400: Using dialect: org.hibernate.dialect.H2Dialect
testingTechTalk 2019-09-18 16:14:33,858 DEBUG org.hibernate.SQL : drop table assessor if exists
Hibernate: drop table assessor if exists
testingTechTalk 2019-09-18 16:14:33,860 DEBUG org.hibernate.SQL : drop sequence if exists hibernate_sequence
Hibernate: drop sequence if exists hibernate_sequence
testingTechTalk 2019-09-18 16:14:33,863 DEBUG org.hibernate.SQL : create sequence hibernate_sequence start with 1 increment by 1
Hibernate: create sequence hibernate_sequence start with 1 increment by 1
testingTechTalk 2019-09-18 16:14:33,865 DEBUG org.hibernate.SQL : create table assessor (id bigint not null, assigned boolean, user varchar(255), primary key (id))
Hibernate: create table assessor (id bigint not null, assigned boolean, user varchar(255), primary key (id))
testingTechTalk 2019-09-18 16:14:33,877 INFO  org.hibernate.tool.schema.internal.SchemaCreatorImpl : HHH000476: Executing import script 'org.hibernate.tool.schema.internal.exec.ScriptSourceInputNonExistentImpl@4a0d8d91'
testingTechTalk 2019-09-18 16:14:33,880 INFO  org.springframework.orm.jpa.LocalContainerEntityManagerFactoryBean : Initialized JPA EntityManagerFactory for persistence unit 'default'
testingTechTalk 2019-09-18 16:14:34,511 INFO  mx.com.kubo.techTalk.repository.AssessorRepositorySpec : Started AssessorRepositorySpec in 3.599 seconds (JVM running for 5.228)
testingTechTalk 2019-09-18 16:14:34,537 INFO  org.springframework.test.context.transaction.TransactionContext : Began transaction (1) for test context [DefaultTestContext@482b62a7 testClass = AssessorRepositorySpec, testInstance = mx.com.kubo.techTalk.repository.AssessorRepositorySpec@31844b49, testMethod = $spock_feature_0_0@AssessorRepositorySpec, testException = [null], mergedContextConfiguration = [MergedContextConfiguration@49bd1289 testClass = AssessorRepositorySpec, locations = '{}', classes = '{class mx.com.kubo.techTalk.BasicApplication}', contextInitializerClasses = '[]', activeProfiles = '{}', propertySourceLocations = '{}', propertySourceProperties = '{org.springframework.boot.test.autoconfigure.orm.jpa.DataJpaTestContextBootstrapper=true}', contextCustomizers = set[org.springframework.boot.test.autoconfigure.OverrideAutoConfigurationContextCustomizerFactory$DisableAutoConfigurationContextCustomizer@31b267d, org.springframework.boot.test.autoconfigure.filter.TypeExcludeFiltersContextCustomizer@351584c0, org.springframework.boot.test.autoconfigure.properties.PropertyMappingContextCustomizer@257e07b1, org.springframework.boot.test.autoconfigure.web.servlet.WebDriverContextCustomizerFactory$Customizer@24c26895, [ImportsContextCustomizer@268decd key = [org.springframework.boot.autoconfigure.cache.CacheAutoConfiguration, org.springframework.boot.autoconfigure.data.jpa.JpaRepositoriesAutoConfiguration, org.springframework.boot.autoconfigure.flyway.FlywayAutoConfiguration, org.springframework.boot.autoconfigure.jdbc.DataSourceAutoConfiguration, org.springframework.boot.autoconfigure.jdbc.DataSourceTransactionManagerAutoConfiguration, org.springframework.boot.autoconfigure.jdbc.JdbcTemplateAutoConfiguration, org.springframework.boot.autoconfigure.liquibase.LiquibaseAutoConfiguration, org.springframework.boot.autoconfigure.orm.jpa.HibernateJpaAutoConfiguration, org.springframework.boot.autoconfigure.transaction.TransactionAutoConfiguration, org.springframework.boot.test.autoconfigure.jdbc.TestDatabaseAutoConfiguration, org.springframework.boot.test.autoconfigure.orm.jpa.TestEntityManagerAutoConfiguration]], org.springframework.boot.test.context.filter.ExcludeFilterContextCustomizer@5ffa9450, org.springframework.boot.test.json.DuplicateJsonObjectContextCustomizerFactory$DuplicateJsonObjectContextCustomizer@14a27f1e, org.springframework.boot.test.mock.mockito.MockitoContextCustomizer@0], contextLoader = 'org.springframework.boot.test.context.SpringBootContextLoader', parent = [null]], attributes = map[[empty]]]; transaction manager [org.springframework.orm.jpa.JpaTransactionManager@c879cee]; rollback [true]
testingTechTalk 2019-09-18 16:14:34,690 DEBUG org.hibernate.SQL : call next value for hibernate_sequence
Hibernate: call next value for hibernate_sequence
testingTechTalk 2019-09-18 16:14:34,737 INFO  org.hibernate.hql.internal.QueryTranslatorFactoryInitiator : HHH000397: Using ASTQueryTranslatorFactory
testingTechTalk 2019-09-18 16:14:34,905 DEBUG org.hibernate.SQL : insert into assessor (assigned, user, id) values (?, ?, ?)
Hibernate: insert into assessor (assigned, user, id) values (?, ?, ?)
testingTechTalk 2019-09-18 16:14:34,911 DEBUG org.hibernate.SQL : select assessor0_.id as id1_0_, assessor0_.assigned as assigned2_0_, assessor0_.user as user3_0_ from assessor assessor0_ where assessor0_.user=?
Hibernate: select assessor0_.id as id1_0_, assessor0_.assigned as assigned2_0_, assessor0_.user as user3_0_ from assessor assessor0_ where assessor0_.user=?
testingTechTalk 2019-09-18 16:14:34,965 INFO  org.springframework.test.context.transaction.TransactionContext : Rolled back transaction for test: [DefaultTestContext@482b62a7 testClass = AssessorRepositorySpec, testInstance = mx.com.kubo.techTalk.repository.AssessorRepositorySpec@31844b49, testMethod = $spock_feature_0_0@AssessorRepositorySpec, testException = [null], mergedContextConfiguration = [MergedContextConfiguration@49bd1289 testClass = AssessorRepositorySpec, locations = '{}', classes = '{class mx.com.kubo.techTalk.BasicApplication}', contextInitializerClasses = '[]', activeProfiles = '{}', propertySourceLocations = '{}', propertySourceProperties = '{org.springframework.boot.test.autoconfigure.orm.jpa.DataJpaTestContextBootstrapper=true}', contextCustomizers = set[org.springframework.boot.test.autoconfigure.OverrideAutoConfigurationContextCustomizerFactory$DisableAutoConfigurationContextCustomizer@31b267d, org.springframework.boot.test.autoconfigure.filter.TypeExcludeFiltersContextCustomizer@351584c0, org.springframework.boot.test.autoconfigure.properties.PropertyMappingContextCustomizer@257e07b1, org.springframework.boot.test.autoconfigure.web.servlet.WebDriverContextCustomizerFactory$Customizer@24c26895, [ImportsContextCustomizer@268decd key = [org.springframework.boot.autoconfigure.cache.CacheAutoConfiguration, org.springframework.boot.autoconfigure.data.jpa.JpaRepositoriesAutoConfiguration, org.springframework.boot.autoconfigure.flyway.FlywayAutoConfiguration, org.springframework.boot.autoconfigure.jdbc.DataSourceAutoConfiguration, org.springframework.boot.autoconfigure.jdbc.DataSourceTransactionManagerAutoConfiguration, org.springframework.boot.autoconfigure.jdbc.JdbcTemplateAutoConfiguration, org.springframework.boot.autoconfigure.liquibase.LiquibaseAutoConfiguration, org.springframework.boot.autoconfigure.orm.jpa.HibernateJpaAutoConfiguration, org.springframework.boot.autoconfigure.transaction.TransactionAutoConfiguration, org.springframework.boot.test.autoconfigure.jdbc.TestDatabaseAutoConfiguration, org.springframework.boot.test.autoconfigure.orm.jpa.TestEntityManagerAutoConfiguration]], org.springframework.boot.test.context.filter.ExcludeFilterContextCustomizer@5ffa9450, org.springframework.boot.test.json.DuplicateJsonObjectContextCustomizerFactory$DuplicateJsonObjectContextCustomizer@14a27f1e, org.springframework.boot.test.mock.mockito.MockitoContextCustomizer@0], contextLoader = 'org.springframework.boot.test.context.SpringBootContextLoader', parent = [null]], attributes = map['org.spockframework.spring.SpringMockTestExecutionListener.MOCKED_BEANS_LIST' -> list[[empty]]]]
]]></system-out>
  <system-err><![CDATA[]]></system-err>
</testsuite>
