<?xml version="1.0" encoding="UTF-8"?>
<testsuite name="mx.com.kubo.techTalk.services.impl.AssessorServiceIntSpec" tests="3" skipped="0" failures="0" errors="0" timestamp="2019-09-18T21:14:34" hostname="pinks" time="0.553">
  <properties/>
  <testcase name="Should update an assessor's assigned " classname="mx.com.kubo.techTalk.services.impl.AssessorServiceIntSpec" time="0.523"/>
  <testcase name="Should update an assessor's user " classname="mx.com.kubo.techTalk.services.impl.AssessorServiceIntSpec" time="0.012"/>
  <testcase name="Should throw assignment type exception on update" classname="mx.com.kubo.techTalk.services.impl.AssessorServiceIntSpec" time="0.017"/>
  <system-out><![CDATA[testingTechTalk 2019-09-18 16:14:34,972 INFO  org.springframework.boot.test.autoconfigure.orm.jpa.DataJpaTestContextBootstrapper : Neither @ContextConfiguration nor @ContextHierarchy found for test class [mx.com.kubo.techTalk.services.impl.AssessorServiceIntSpec], using SpringBootContextLoader
testingTechTalk 2019-09-18 16:14:34,973 INFO  org.springframework.test.context.support.AbstractContextLoader : Could not detect default resource locations for test class [mx.com.kubo.techTalk.services.impl.AssessorServiceIntSpec]: no resource found for suffixes {-context.xml, Context.groovy}.
testingTechTalk 2019-09-18 16:14:34,973 INFO  org.springframework.test.context.support.AnnotationConfigContextLoaderUtils : Could not detect default configuration classes for test class [mx.com.kubo.techTalk.services.impl.AssessorServiceIntSpec]: AssessorServiceIntSpec does not declare any static, non-private, non-final, nested classes annotated with @Configuration.
testingTechTalk 2019-09-18 16:14:34,983 INFO  org.springframework.boot.test.context.SpringBootTestContextBootstrapper : Found @SpringBootConfiguration mx.com.kubo.techTalk.BasicApplication for test class mx.com.kubo.techTalk.services.impl.AssessorServiceIntSpec
testingTechTalk 2019-09-18 16:14:34,984 INFO  org.springframework.boot.test.autoconfigure.orm.jpa.DataJpaTestContextBootstrapper : Loaded default TestExecutionListener class names from location [META-INF/spring.factories]: [org.springframework.boot.test.autoconfigure.restdocs.RestDocsTestExecutionListener, org.springframework.boot.test.autoconfigure.web.client.MockRestServiceServerResetTestExecutionListener, org.springframework.boot.test.autoconfigure.web.servlet.MockMvcPrintOnlyOnFailureTestExecutionListener, org.springframework.boot.test.autoconfigure.web.servlet.WebDriverTestExecutionListener, org.springframework.boot.test.mock.mockito.MockitoTestExecutionListener, org.springframework.boot.test.mock.mockito.ResetMocksTestExecutionListener, org.springframework.test.context.web.ServletTestExecutionListener, org.springframework.test.context.support.DirtiesContextBeforeModesTestExecutionListener, org.springframework.test.context.support.DependencyInjectionTestExecutionListener, org.springframework.test.context.support.DirtiesContextTestExecutionListener, org.springframework.test.context.transaction.TransactionalTestExecutionListener, org.springframework.test.context.jdbc.SqlScriptsTestExecutionListener]
testingTechTalk 2019-09-18 16:14:34,984 INFO  org.springframework.boot.test.autoconfigure.orm.jpa.DataJpaTestContextBootstrapper : Using TestExecutionListeners: [org.springframework.test.context.web.ServletTestExecutionListener@58e360a8, org.springframework.test.context.support.DirtiesContextBeforeModesTestExecutionListener@27758655, org.springframework.boot.test.mock.mockito.MockitoTestExecutionListener@17019d4c, org.springframework.boot.test.autoconfigure.SpringBootDependencyInjectionTestExecutionListener@2d7e4f91, org.springframework.test.context.support.DirtiesContextTestExecutionListener@6edb8cb6, org.springframework.test.context.transaction.TransactionalTestExecutionListener@6517e816, org.springframework.test.context.jdbc.SqlScriptsTestExecutionListener@7e67e205, org.springframework.boot.test.autoconfigure.restdocs.RestDocsTestExecutionListener@21ba289f, org.springframework.boot.test.autoconfigure.web.client.MockRestServiceServerResetTestExecutionListener@13b6be22, org.springframework.boot.test.autoconfigure.web.servlet.MockMvcPrintOnlyOnFailureTestExecutionListener@49bbb31a, org.springframework.boot.test.autoconfigure.web.servlet.WebDriverTestExecutionListener@88d07e2, org.springframework.boot.test.mock.mockito.ResetMocksTestExecutionListener@780328bc]

  .   ____          _            __ _ _
 /\\ / ___'_ __ _ _(_)_ __  __ _ \ \ \ \
( ( )\___ | '_ | '_| | '_ \/ _` | \ \ \ \
 \\/  ___)| |_)| | | | | || (_| |  ) ) ) )
  '  |____| .__|_| |_|_| |_\__, | / / / /
 =========|_|==============|___/=/_/_/_/
 :: Spring Boot ::        (v2.1.3.RELEASE)

testingTechTalk 2019-09-18 16:14:35,044 INFO  mx.com.kubo.techTalk.services.impl.AssessorServiceIntSpec : Starting AssessorServiceIntSpec on pinks with PID 32370 (/home/pinks/Proyectos/mios/testingTechTalk/build/classes/groovy/test started by pinks in /home/pinks/Proyectos/mios/testingTechTalk)
testingTechTalk 2019-09-18 16:14:35,046 INFO  mx.com.kubo.techTalk.services.impl.AssessorServiceIntSpec : No active profile set, falling back to default profiles: default
testingTechTalk 2019-09-18 16:14:35,146 INFO  org.springframework.data.repository.config.RepositoryConfigurationDelegate : Bootstrapping Spring Data repositories in DEFAULT mode.
testingTechTalk 2019-09-18 16:14:35,159 INFO  org.springframework.data.repository.config.RepositoryConfigurationDelegate : Finished Spring Data repository scanning in 13ms. Found 1 repository interfaces.
testingTechTalk 2019-09-18 16:14:35,170 INFO  org.springframework.boot.test.autoconfigure.jdbc.TestDatabaseAutoConfiguration$EmbeddedDataSourceBeanFactoryPostProcessor : Replacing 'dataSource' DataSource bean with embedded version
testingTechTalk 2019-09-18 16:14:35,193 INFO  org.springframework.jdbc.datasource.embedded.EmbeddedDatabaseFactory : Starting embedded database: url='jdbc:h2:mem:a74adfd2-59be-4152-853c-645d3cb84757;DB_CLOSE_DELAY=-1;DB_CLOSE_ON_EXIT=false', username='sa'
testingTechTalk 2019-09-18 16:14:35,277 INFO  org.hibernate.jpa.internal.util.LogHelper : HHH000204: Processing PersistenceUnitInfo [
	name: default
	...]
testingTechTalk 2019-09-18 16:14:35,284 INFO  org.hibernate.dialect.Dialect : HHH000400: Using dialect: org.hibernate.dialect.H2Dialect
testingTechTalk 2019-09-18 16:14:35,309 DEBUG org.hibernate.SQL : drop table assessor if exists
Hibernate: drop table assessor if exists
testingTechTalk 2019-09-18 16:14:35,310 DEBUG org.hibernate.SQL : drop sequence if exists hibernate_sequence
Hibernate: drop sequence if exists hibernate_sequence
testingTechTalk 2019-09-18 16:14:35,310 DEBUG org.hibernate.SQL : create sequence hibernate_sequence start with 1 increment by 1
Hibernate: create sequence hibernate_sequence start with 1 increment by 1
testingTechTalk 2019-09-18 16:14:35,311 DEBUG org.hibernate.SQL : create table assessor (id bigint not null, assigned boolean, user varchar(255), primary key (id))
Hibernate: create table assessor (id bigint not null, assigned boolean, user varchar(255), primary key (id))
testingTechTalk 2019-09-18 16:14:35,313 INFO  org.hibernate.tool.schema.internal.SchemaCreatorImpl : HHH000476: Executing import script 'org.hibernate.tool.schema.internal.exec.ScriptSourceInputNonExistentImpl@4a0d8d91'
testingTechTalk 2019-09-18 16:14:35,314 INFO  org.springframework.orm.jpa.LocalContainerEntityManagerFactoryBean : Initialized JPA EntityManagerFactory for persistence unit 'default'
testingTechTalk 2019-09-18 16:14:35,442 INFO  mx.com.kubo.techTalk.services.impl.AssessorServiceIntSpec : Started AssessorServiceIntSpec in 0.453 seconds (JVM running for 6.158)
testingTechTalk 2019-09-18 16:14:35,449 INFO  org.springframework.test.context.transaction.TransactionContext : Began transaction (1) for test context [DefaultTestContext@7d3821fc testClass = AssessorServiceIntSpec, testInstance = mx.com.kubo.techTalk.services.impl.AssessorServiceIntSpec@32d2771b, testMethod = $spock_feature_0_0@AssessorServiceIntSpec, testException = [null], mergedContextConfiguration = [MergedContextConfiguration@6c8cad65 testClass = AssessorServiceIntSpec, locations = '{}', classes = '{class mx.com.kubo.techTalk.BasicApplication}', contextInitializerClasses = '[]', activeProfiles = '{}', propertySourceLocations = '{}', propertySourceProperties = '{org.springframework.boot.test.autoconfigure.orm.jpa.DataJpaTestContextBootstrapper=true}', contextCustomizers = set[org.springframework.boot.test.autoconfigure.OverrideAutoConfigurationContextCustomizerFactory$DisableAutoConfigurationContextCustomizer@31b267d, org.springframework.boot.test.autoconfigure.filter.TypeExcludeFiltersContextCustomizer@351584c0, org.springframework.boot.test.autoconfigure.properties.PropertyMappingContextCustomizer@257e07b1, org.springframework.boot.test.autoconfigure.web.servlet.WebDriverContextCustomizerFactory$Customizer@24c26895, [ImportsContextCustomizer@2381e616 key = [mx.com.kubo.techTalk.services.imp.AssessorServiceImpl, mx.com.kubo.techTalk.utils.MapperConverter, org.springframework.boot.autoconfigure.cache.CacheAutoConfiguration, org.springframework.boot.autoconfigure.data.jpa.JpaRepositoriesAutoConfiguration, org.springframework.boot.autoconfigure.flyway.FlywayAutoConfiguration, org.springframework.boot.autoconfigure.jdbc.DataSourceAutoConfiguration, org.springframework.boot.autoconfigure.jdbc.DataSourceTransactionManagerAutoConfiguration, org.springframework.boot.autoconfigure.jdbc.JdbcTemplateAutoConfiguration, org.springframework.boot.autoconfigure.liquibase.LiquibaseAutoConfiguration, org.springframework.boot.autoconfigure.orm.jpa.HibernateJpaAutoConfiguration, org.springframework.boot.autoconfigure.transaction.TransactionAutoConfiguration, org.springframework.boot.test.autoconfigure.jdbc.TestDatabaseAutoConfiguration, org.springframework.boot.test.autoconfigure.orm.jpa.TestEntityManagerAutoConfiguration]], org.springframework.boot.test.context.filter.ExcludeFilterContextCustomizer@5ffa9450, org.springframework.boot.test.json.DuplicateJsonObjectContextCustomizerFactory$DuplicateJsonObjectContextCustomizer@14a27f1e, org.springframework.boot.test.mock.mockito.MockitoContextCustomizer@0], contextLoader = 'org.springframework.boot.test.context.SpringBootContextLoader', parent = [null]], attributes = map[[empty]]]; transaction manager [org.springframework.orm.jpa.JpaTransactionManager@80d2cfe]; rollback [true]
testingTechTalk 2019-09-18 16:14:35,457 DEBUG org.hibernate.SQL : call next value for hibernate_sequence
Hibernate: call next value for hibernate_sequence
testingTechTalk 2019-09-18 16:14:35,466 INFO  org.hibernate.hql.internal.QueryTranslatorFactoryInitiator : HHH000397: Using ASTQueryTranslatorFactory
testingTechTalk 2019-09-18 16:14:35,470 DEBUG org.hibernate.SQL : insert into assessor (assigned, user, id) values (?, ?, ?)
Hibernate: insert into assessor (assigned, user, id) values (?, ?, ?)
testingTechTalk 2019-09-18 16:14:35,470 DEBUG org.hibernate.SQL : select assessor0_.id as id1_0_, assessor0_.assigned as assigned2_0_, assessor0_.user as user3_0_ from assessor assessor0_ where assessor0_.user=?
Hibernate: select assessor0_.id as id1_0_, assessor0_.assigned as assigned2_0_, assessor0_.user as user3_0_ from assessor assessor0_ where assessor0_.user=?
testingTechTalk 2019-09-18 16:14:35,509 INFO  org.springframework.test.context.transaction.TransactionContext : Rolled back transaction for test: [DefaultTestContext@7d3821fc testClass = AssessorServiceIntSpec, testInstance = mx.com.kubo.techTalk.services.impl.AssessorServiceIntSpec@32d2771b, testMethod = $spock_feature_0_0@AssessorServiceIntSpec, testException = [null], mergedContextConfiguration = [MergedContextConfiguration@6c8cad65 testClass = AssessorServiceIntSpec, locations = '{}', classes = '{class mx.com.kubo.techTalk.BasicApplication}', contextInitializerClasses = '[]', activeProfiles = '{}', propertySourceLocations = '{}', propertySourceProperties = '{org.springframework.boot.test.autoconfigure.orm.jpa.DataJpaTestContextBootstrapper=true}', contextCustomizers = set[org.springframework.boot.test.autoconfigure.OverrideAutoConfigurationContextCustomizerFactory$DisableAutoConfigurationContextCustomizer@31b267d, org.springframework.boot.test.autoconfigure.filter.TypeExcludeFiltersContextCustomizer@351584c0, org.springframework.boot.test.autoconfigure.properties.PropertyMappingContextCustomizer@257e07b1, org.springframework.boot.test.autoconfigure.web.servlet.WebDriverContextCustomizerFactory$Customizer@24c26895, [ImportsContextCustomizer@2381e616 key = [mx.com.kubo.techTalk.services.imp.AssessorServiceImpl, mx.com.kubo.techTalk.utils.MapperConverter, org.springframework.boot.autoconfigure.cache.CacheAutoConfiguration, org.springframework.boot.autoconfigure.data.jpa.JpaRepositoriesAutoConfiguration, org.springframework.boot.autoconfigure.flyway.FlywayAutoConfiguration, org.springframework.boot.autoconfigure.jdbc.DataSourceAutoConfiguration, org.springframework.boot.autoconfigure.jdbc.DataSourceTransactionManagerAutoConfiguration, org.springframework.boot.autoconfigure.jdbc.JdbcTemplateAutoConfiguration, org.springframework.boot.autoconfigure.liquibase.LiquibaseAutoConfiguration, org.springframework.boot.autoconfigure.orm.jpa.HibernateJpaAutoConfiguration, org.springframework.boot.autoconfigure.transaction.TransactionAutoConfiguration, org.springframework.boot.test.autoconfigure.jdbc.TestDatabaseAutoConfiguration, org.springframework.boot.test.autoconfigure.orm.jpa.TestEntityManagerAutoConfiguration]], org.springframework.boot.test.context.filter.ExcludeFilterContextCustomizer@5ffa9450, org.springframework.boot.test.json.DuplicateJsonObjectContextCustomizerFactory$DuplicateJsonObjectContextCustomizer@14a27f1e, org.springframework.boot.test.mock.mockito.MockitoContextCustomizer@0], contextLoader = 'org.springframework.boot.test.context.SpringBootContextLoader', parent = [null]], attributes = map['org.spockframework.spring.SpringMockTestExecutionListener.MOCKED_BEANS_LIST' -> list[[empty]]]]
testingTechTalk 2019-09-18 16:14:35,512 INFO  org.springframework.test.context.transaction.TransactionContext : Began transaction (1) for test context [DefaultTestContext@7d3821fc testClass = AssessorServiceIntSpec, testInstance = mx.com.kubo.techTalk.services.impl.AssessorServiceIntSpec@54b71360, testMethod = $spock_feature_0_1@AssessorServiceIntSpec, testException = [null], mergedContextConfiguration = [MergedContextConfiguration@6c8cad65 testClass = AssessorServiceIntSpec, locations = '{}', classes = '{class mx.com.kubo.techTalk.BasicApplication}', contextInitializerClasses = '[]', activeProfiles = '{}', propertySourceLocations = '{}', propertySourceProperties = '{org.springframework.boot.test.autoconfigure.orm.jpa.DataJpaTestContextBootstrapper=true}', contextCustomizers = set[org.springframework.boot.test.autoconfigure.OverrideAutoConfigurationContextCustomizerFactory$DisableAutoConfigurationContextCustomizer@31b267d, org.springframework.boot.test.autoconfigure.filter.TypeExcludeFiltersContextCustomizer@351584c0, org.springframework.boot.test.autoconfigure.properties.PropertyMappingContextCustomizer@257e07b1, org.springframework.boot.test.autoconfigure.web.servlet.WebDriverContextCustomizerFactory$Customizer@24c26895, [ImportsContextCustomizer@2381e616 key = [mx.com.kubo.techTalk.services.imp.AssessorServiceImpl, mx.com.kubo.techTalk.utils.MapperConverter, org.springframework.boot.autoconfigure.cache.CacheAutoConfiguration, org.springframework.boot.autoconfigure.data.jpa.JpaRepositoriesAutoConfiguration, org.springframework.boot.autoconfigure.flyway.FlywayAutoConfiguration, org.springframework.boot.autoconfigure.jdbc.DataSourceAutoConfiguration, org.springframework.boot.autoconfigure.jdbc.DataSourceTransactionManagerAutoConfiguration, org.springframework.boot.autoconfigure.jdbc.JdbcTemplateAutoConfiguration, org.springframework.boot.autoconfigure.liquibase.LiquibaseAutoConfiguration, org.springframework.boot.autoconfigure.orm.jpa.HibernateJpaAutoConfiguration, org.springframework.boot.autoconfigure.transaction.TransactionAutoConfiguration, org.springframework.boot.test.autoconfigure.jdbc.TestDatabaseAutoConfiguration, org.springframework.boot.test.autoconfigure.orm.jpa.TestEntityManagerAutoConfiguration]], org.springframework.boot.test.context.filter.ExcludeFilterContextCustomizer@5ffa9450, org.springframework.boot.test.json.DuplicateJsonObjectContextCustomizerFactory$DuplicateJsonObjectContextCustomizer@14a27f1e, org.springframework.boot.test.mock.mockito.MockitoContextCustomizer@0], contextLoader = 'org.springframework.boot.test.context.SpringBootContextLoader', parent = [null]], attributes = map['org.spockframework.spring.SpringMockTestExecutionListener.MOCKED_BEANS_LIST' -> list[[empty]]]]; transaction manager [org.springframework.orm.jpa.JpaTransactionManager@80d2cfe]; rollback [true]
testingTechTalk 2019-09-18 16:14:35,514 DEBUG org.hibernate.SQL : call next value for hibernate_sequence
Hibernate: call next value for hibernate_sequence
testingTechTalk 2019-09-18 16:14:35,517 DEBUG org.hibernate.SQL : insert into assessor (assigned, user, id) values (?, ?, ?)
Hibernate: insert into assessor (assigned, user, id) values (?, ?, ?)
testingTechTalk 2019-09-18 16:14:35,518 DEBUG org.hibernate.SQL : select assessor0_.id as id1_0_, assessor0_.assigned as assigned2_0_, assessor0_.user as user3_0_ from assessor assessor0_ where assessor0_.user=?
Hibernate: select assessor0_.id as id1_0_, assessor0_.assigned as assigned2_0_, assessor0_.user as user3_0_ from assessor assessor0_ where assessor0_.user=?
testingTechTalk 2019-09-18 16:14:35,522 INFO  org.springframework.test.context.transaction.TransactionContext : Rolled back transaction for test: [DefaultTestContext@7d3821fc testClass = AssessorServiceIntSpec, testInstance = mx.com.kubo.techTalk.services.impl.AssessorServiceIntSpec@54b71360, testMethod = $spock_feature_0_1@AssessorServiceIntSpec, testException = [null], mergedContextConfiguration = [MergedContextConfiguration@6c8cad65 testClass = AssessorServiceIntSpec, locations = '{}', classes = '{class mx.com.kubo.techTalk.BasicApplication}', contextInitializerClasses = '[]', activeProfiles = '{}', propertySourceLocations = '{}', propertySourceProperties = '{org.springframework.boot.test.autoconfigure.orm.jpa.DataJpaTestContextBootstrapper=true}', contextCustomizers = set[org.springframework.boot.test.autoconfigure.OverrideAutoConfigurationContextCustomizerFactory$DisableAutoConfigurationContextCustomizer@31b267d, org.springframework.boot.test.autoconfigure.filter.TypeExcludeFiltersContextCustomizer@351584c0, org.springframework.boot.test.autoconfigure.properties.PropertyMappingContextCustomizer@257e07b1, org.springframework.boot.test.autoconfigure.web.servlet.WebDriverContextCustomizerFactory$Customizer@24c26895, [ImportsContextCustomizer@2381e616 key = [mx.com.kubo.techTalk.services.imp.AssessorServiceImpl, mx.com.kubo.techTalk.utils.MapperConverter, org.springframework.boot.autoconfigure.cache.CacheAutoConfiguration, org.springframework.boot.autoconfigure.data.jpa.JpaRepositoriesAutoConfiguration, org.springframework.boot.autoconfigure.flyway.FlywayAutoConfiguration, org.springframework.boot.autoconfigure.jdbc.DataSourceAutoConfiguration, org.springframework.boot.autoconfigure.jdbc.DataSourceTransactionManagerAutoConfiguration, org.springframework.boot.autoconfigure.jdbc.JdbcTemplateAutoConfiguration, org.springframework.boot.autoconfigure.liquibase.LiquibaseAutoConfiguration, org.springframework.boot.autoconfigure.orm.jpa.HibernateJpaAutoConfiguration, org.springframework.boot.autoconfigure.transaction.TransactionAutoConfiguration, org.springframework.boot.test.autoconfigure.jdbc.TestDatabaseAutoConfiguration, org.springframework.boot.test.autoconfigure.orm.jpa.TestEntityManagerAutoConfiguration]], org.springframework.boot.test.context.filter.ExcludeFilterContextCustomizer@5ffa9450, org.springframework.boot.test.json.DuplicateJsonObjectContextCustomizerFactory$DuplicateJsonObjectContextCustomizer@14a27f1e, org.springframework.boot.test.mock.mockito.MockitoContextCustomizer@0], contextLoader = 'org.springframework.boot.test.context.SpringBootContextLoader', parent = [null]], attributes = map['org.spockframework.spring.SpringMockTestExecutionListener.MOCKED_BEANS_LIST' -> list[[empty]]]]
testingTechTalk 2019-09-18 16:14:35,527 INFO  org.springframework.test.context.transaction.TransactionContext : Began transaction (1) for test context [DefaultTestContext@7d3821fc testClass = AssessorServiceIntSpec, testInstance = mx.com.kubo.techTalk.services.impl.AssessorServiceIntSpec@622ad07, testMethod = $spock_feature_0_2@AssessorServiceIntSpec, testException = [null], mergedContextConfiguration = [MergedContextConfiguration@6c8cad65 testClass = AssessorServiceIntSpec, locations = '{}', classes = '{class mx.com.kubo.techTalk.BasicApplication}', contextInitializerClasses = '[]', activeProfiles = '{}', propertySourceLocations = '{}', propertySourceProperties = '{org.springframework.boot.test.autoconfigure.orm.jpa.DataJpaTestContextBootstrapper=true}', contextCustomizers = set[org.springframework.boot.test.autoconfigure.OverrideAutoConfigurationContextCustomizerFactory$DisableAutoConfigurationContextCustomizer@31b267d, org.springframework.boot.test.autoconfigure.filter.TypeExcludeFiltersContextCustomizer@351584c0, org.springframework.boot.test.autoconfigure.properties.PropertyMappingContextCustomizer@257e07b1, org.springframework.boot.test.autoconfigure.web.servlet.WebDriverContextCustomizerFactory$Customizer@24c26895, [ImportsContextCustomizer@2381e616 key = [mx.com.kubo.techTalk.services.imp.AssessorServiceImpl, mx.com.kubo.techTalk.utils.MapperConverter, org.springframework.boot.autoconfigure.cache.CacheAutoConfiguration, org.springframework.boot.autoconfigure.data.jpa.JpaRepositoriesAutoConfiguration, org.springframework.boot.autoconfigure.flyway.FlywayAutoConfiguration, org.springframework.boot.autoconfigure.jdbc.DataSourceAutoConfiguration, org.springframework.boot.autoconfigure.jdbc.DataSourceTransactionManagerAutoConfiguration, org.springframework.boot.autoconfigure.jdbc.JdbcTemplateAutoConfiguration, org.springframework.boot.autoconfigure.liquibase.LiquibaseAutoConfiguration, org.springframework.boot.autoconfigure.orm.jpa.HibernateJpaAutoConfiguration, org.springframework.boot.autoconfigure.transaction.TransactionAutoConfiguration, org.springframework.boot.test.autoconfigure.jdbc.TestDatabaseAutoConfiguration, org.springframework.boot.test.autoconfigure.orm.jpa.TestEntityManagerAutoConfiguration]], org.springframework.boot.test.context.filter.ExcludeFilterContextCustomizer@5ffa9450, org.springframework.boot.test.json.DuplicateJsonObjectContextCustomizerFactory$DuplicateJsonObjectContextCustomizer@14a27f1e, org.springframework.boot.test.mock.mockito.MockitoContextCustomizer@0], contextLoader = 'org.springframework.boot.test.context.SpringBootContextLoader', parent = [null]], attributes = map['org.spockframework.spring.SpringMockTestExecutionListener.MOCKED_BEANS_LIST' -> list[[empty]]]]; transaction manager [org.springframework.orm.jpa.JpaTransactionManager@80d2cfe]; rollback [true]
testingTechTalk 2019-09-18 16:14:35,532 DEBUG org.hibernate.SQL : select assessor0_.id as id1_0_, assessor0_.assigned as assigned2_0_, assessor0_.user as user3_0_ from assessor assessor0_ where assessor0_.user=?
Hibernate: select assessor0_.id as id1_0_, assessor0_.assigned as assigned2_0_, assessor0_.user as user3_0_ from assessor assessor0_ where assessor0_.user=?
testingTechTalk 2019-09-18 16:14:35,539 INFO  org.springframework.test.context.transaction.TransactionContext : Rolled back transaction for test: [DefaultTestContext@7d3821fc testClass = AssessorServiceIntSpec, testInstance = mx.com.kubo.techTalk.services.impl.AssessorServiceIntSpec@622ad07, testMethod = $spock_feature_0_2@AssessorServiceIntSpec, testException = [null], mergedContextConfiguration = [MergedContextConfiguration@6c8cad65 testClass = AssessorServiceIntSpec, locations = '{}', classes = '{class mx.com.kubo.techTalk.BasicApplication}', contextInitializerClasses = '[]', activeProfiles = '{}', propertySourceLocations = '{}', propertySourceProperties = '{org.springframework.boot.test.autoconfigure.orm.jpa.DataJpaTestContextBootstrapper=true}', contextCustomizers = set[org.springframework.boot.test.autoconfigure.OverrideAutoConfigurationContextCustomizerFactory$DisableAutoConfigurationContextCustomizer@31b267d, org.springframework.boot.test.autoconfigure.filter.TypeExcludeFiltersContextCustomizer@351584c0, org.springframework.boot.test.autoconfigure.properties.PropertyMappingContextCustomizer@257e07b1, org.springframework.boot.test.autoconfigure.web.servlet.WebDriverContextCustomizerFactory$Customizer@24c26895, [ImportsContextCustomizer@2381e616 key = [mx.com.kubo.techTalk.services.imp.AssessorServiceImpl, mx.com.kubo.techTalk.utils.MapperConverter, org.springframework.boot.autoconfigure.cache.CacheAutoConfiguration, org.springframework.boot.autoconfigure.data.jpa.JpaRepositoriesAutoConfiguration, org.springframework.boot.autoconfigure.flyway.FlywayAutoConfiguration, org.springframework.boot.autoconfigure.jdbc.DataSourceAutoConfiguration, org.springframework.boot.autoconfigure.jdbc.DataSourceTransactionManagerAutoConfiguration, org.springframework.boot.autoconfigure.jdbc.JdbcTemplateAutoConfiguration, org.springframework.boot.autoconfigure.liquibase.LiquibaseAutoConfiguration, org.springframework.boot.autoconfigure.orm.jpa.HibernateJpaAutoConfiguration, org.springframework.boot.autoconfigure.transaction.TransactionAutoConfiguration, org.springframework.boot.test.autoconfigure.jdbc.TestDatabaseAutoConfiguration, org.springframework.boot.test.autoconfigure.orm.jpa.TestEntityManagerAutoConfiguration]], org.springframework.boot.test.context.filter.ExcludeFilterContextCustomizer@5ffa9450, org.springframework.boot.test.json.DuplicateJsonObjectContextCustomizerFactory$DuplicateJsonObjectContextCustomizer@14a27f1e, org.springframework.boot.test.mock.mockito.MockitoContextCustomizer@0], contextLoader = 'org.springframework.boot.test.context.SpringBootContextLoader', parent = [null]], attributes = map['org.spockframework.spring.SpringMockTestExecutionListener.MOCKED_BEANS_LIST' -> list[[empty]]]]
]]></system-out>
  <system-err><![CDATA[]]></system-err>
</testsuite>
